-- Install configuration: ""
-- Up-to-date: /home/thainguyen1233/ros2_ws2/install/agv_sim/share/agv_sim/launch
-- Installing: /home/thainguyen1233/ros2_ws2/install/agv_sim/share/agv_sim/launch/gazebo.launch.py
-- Up-to-date: /home/thainguyen1233/ros2_ws2/install/agv_sim/share/agv_sim/launch/display.launch.py
-- Up-to-date: /home/thainguyen1233/ros2_ws2/install/agv_sim/share/agv_sim/urdf
-- Up-to-date: /home/thainguyen1233/ros2_ws2/install/agv_sim/share/agv_sim/urdf/robotomni.urdf
-- Up-to-date: /home/thainguyen1233/ros2_ws2/install/agv_sim/share/agv_sim/urdf/robotomni.csv
-- Up-to-date: /home/thainguyen1233/ros2_ws2/install/agv_sim/share/agv_sim/meshes
-- Up-to-date: /home/thainguyen1233/ros2_ws2/install/agv_sim/share/agv_sim/meshes/base_link.STL
-- Up-to-date: /home/thainguyen1233/ros2_ws2/install/agv_sim/share/agv_sim/meshes/banhxe1_Link.STL
-- Up-to-date: /home/thainguyen1233/ros2_ws2/install/agv_sim/share/agv_sim/meshes/banhxe3_Link.STL
-- Up-to-date: /home/thainguyen1233/ros2_ws2/install/agv_sim/share/agv_sim/meshes/banhxe2_Link.STL
-- Up-to-date: /home/thainguyen1233/ros2_ws2/install/agv_sim/share/agv_sim/meshes/dexe_Link.STL
-- Up-to-date: /home/thainguyen1233/ros2_ws2/install/agv_sim/share/agv_sim/meshes/banhxe4_Link.STL
-- Up-to-date: /home/thainguyen1233/ros2_ws2/install/agv_sim/share/agv_sim/meshes/lidarsaul.STL
-- Up-to-date: /home/thainguyen1233/ros2_ws2/install/agv_sim/share/agv_sim/meshes/lidartruocl.STL
-- Up-to-date: /home/thainguyen1233/ros2_ws2/install/agv_sim/share/agv_sim/meshes/thanxe_Link.STL
-- Up-to-date: /home/thainguyen1233/ros2_ws2/install/agv_sim/share/agv_sim/config
-- Up-to-date: /home/thainguyen1233/ros2_ws2/install/agv_sim/share/agv_sim/config/display.rviz
-- Up-to-date: /home/thainguyen1233/ros2_ws2/install/agv_sim/share/ament_index/resource_index/package_run_dependencies/agv_sim
-- Up-to-date: /home/thainguyen1233/ros2_ws2/install/agv_sim/share/ament_index/resource_index/parent_prefix_path/agv_sim
-- Up-to-date: /home/thainguyen1233/ros2_ws2/install/agv_sim/share/agv_sim/environment/ament_prefix_path.sh
-- Up-to-date: /home/thainguyen1233/ros2_ws2/install/agv_sim/share/agv_sim/environment/ament_prefix_path.dsv
-- Up-to-date: /home/thainguyen1233/ros2_ws2/install/agv_sim/share/agv_sim/environment/path.sh
-- Up-to-date: /home/thainguyen1233/ros2_ws2/install/agv_sim/share/agv_sim/environment/path.dsv
-- Up-to-date: /home/thainguyen1233/ros2_ws2/install/agv_sim/share/agv_sim/local_setup.bash
-- Up-to-date: /home/thainguyen1233/ros2_ws2/install/agv_sim/share/agv_sim/local_setup.sh
-- Up-to-date: /home/thainguyen1233/ros2_ws2/install/agv_sim/share/agv_sim/local_setup.zsh
-- Up-to-date: /home/thainguyen1233/ros2_ws2/install/agv_sim/share/agv_sim/local_setup.dsv
-- Installing: /home/thainguyen1233/ros2_ws2/install/agv_sim/share/agv_sim/package.dsv
-- Up-to-date: /home/thainguyen1233/ros2_ws2/install/agv_sim/share/ament_index/resource_index/packages/agv_sim
-- Up-to-date: /home/thainguyen1233/ros2_ws2/install/agv_sim/share/agv_sim/cmake/agv_simConfig.cmake
-- Up-to-date: /home/thainguyen1233/ros2_ws2/install/agv_sim/share/agv_sim/cmake/agv_simConfig-version.cmake
-- Up-to-date: /home/thainguyen1233/ros2_ws2/install/agv_sim/share/agv_sim/package.xml
