[0.007s] Invoking command in '/home/thainguyen1233/ros2_ws2/build/agv_sim': CMAKE_PREFIX_PATH=${CMAKE_PREFIX_PATH}:/opt/ros/humble /usr/bin/cmake --build /home/thainguyen1233/ros2_ws2/build/agv_sim -- -j8 -l8
[0.026s] -- Found ament_cmake: 1.3.13 (/opt/ros/humble/share/ament_cmake/cmake)
[0.126s] -- Found ament_lint_auto: 0.12.15 (/opt/ros/humble/share/ament_lint_auto/cmake)
[0.177s] -- Added test 'flake8' to check Python code syntax and style conventions
[0.178s] -- Added test 'lint_cmake' to check CMake code style
[0.178s] -- Added test 'pep257' to check Python code against some of the docstring style conventions in PEP 257
[0.179s] -- Added test 'xmllint' to check XML markup files
[0.180s] -- Configuring done
[0.183s] -- Generating done
[0.184s] -- Build files have been written to: /home/thainguyen1233/ros2_ws2/build/agv_sim
[0.199s] Invoked command in '/home/thainguyen1233/ros2_ws2/build/agv_sim' returned '0': CMAKE_PREFIX_PATH=${CMAKE_PREFIX_PATH}:/opt/ros/humble /usr/bin/cmake --build /home/thainguyen1233/ros2_ws2/build/agv_sim -- -j8 -l8
[0.205s] Invoking command in '/home/thainguyen1233/ros2_ws2/build/agv_sim': CMAKE_PREFIX_PATH=${CMAKE_PREFIX_PATH}:/opt/ros/humble /usr/bin/cmake --install /home/thainguyen1233/ros2_ws2/build/agv_sim
[0.210s] -- Install configuration: ""
[0.210s] -- Installing: /home/thainguyen1233/ros2_ws2/install/agv_sim/share/agv_sim/launch
[0.210s] -- Installing: /home/thainguyen1233/ros2_ws2/install/agv_sim/share/agv_sim/launch/launch.py
[0.210s] -- Installing: /home/thainguyen1233/ros2_ws2/install/agv_sim/share/agv_sim/urdf
[0.210s] -- Installing: /home/thainguyen1233/ros2_ws2/install/agv_sim/share/agv_sim/urdf/robotomni.urdf
[0.210s] -- Installing: /home/thainguyen1233/ros2_ws2/install/agv_sim/share/agv_sim/urdf/robotomni.csv
[0.211s] -- Installing: /home/thainguyen1233/ros2_ws2/install/agv_sim/share/agv_sim/meshes
[0.211s] -- Installing: /home/thainguyen1233/ros2_ws2/install/agv_sim/share/agv_sim/meshes/base_link.STL
[0.211s] -- Installing: /home/thainguyen1233/ros2_ws2/install/agv_sim/share/agv_sim/meshes/banhxe1_Link.STL
[0.212s] -- Installing: /home/thainguyen1233/ros2_ws2/install/agv_sim/share/agv_sim/meshes/banhxe3_Link.STL
[0.213s] -- Installing: /home/thainguyen1233/ros2_ws2/install/agv_sim/share/agv_sim/meshes/banhxe2_Link.STL
[0.215s] -- Installing: /home/thainguyen1233/ros2_ws2/install/agv_sim/share/agv_sim/meshes/dexe_Link.STL
[0.215s] -- Installing: /home/thainguyen1233/ros2_ws2/install/agv_sim/share/agv_sim/meshes/banhxe4_Link.STL
[0.216s] -- Installing: /home/thainguyen1233/ros2_ws2/install/agv_sim/share/agv_sim/meshes/thanxe_Link.STL
[0.216s] -- Installing: /home/thainguyen1233/ros2_ws2/install/agv_sim/share/ament_index/resource_index/package_run_dependencies/agv_sim
[0.216s] -- Installing: /home/thainguyen1233/ros2_ws2/install/agv_sim/share/ament_index/resource_index/parent_prefix_path/agv_sim
[0.216s] -- Up-to-date: /home/thainguyen1233/ros2_ws2/install/agv_sim/share/agv_sim/environment/ament_prefix_path.sh
[0.216s] -- Installing: /home/thainguyen1233/ros2_ws2/install/agv_sim/share/agv_sim/environment/ament_prefix_path.dsv
[0.216s] -- Up-to-date: /home/thainguyen1233/ros2_ws2/install/agv_sim/share/agv_sim/environment/path.sh
[0.217s] -- Installing: /home/thainguyen1233/ros2_ws2/install/agv_sim/share/agv_sim/environment/path.dsv
[0.217s] -- Up-to-date: /home/thainguyen1233/ros2_ws2/install/agv_sim/share/agv_sim/local_setup.bash
[0.217s] -- Up-to-date: /home/thainguyen1233/ros2_ws2/install/agv_sim/share/agv_sim/local_setup.sh
[0.217s] -- Up-to-date: /home/thainguyen1233/ros2_ws2/install/agv_sim/share/agv_sim/local_setup.zsh
[0.217s] -- Installing: /home/thainguyen1233/ros2_ws2/install/agv_sim/share/agv_sim/local_setup.dsv
[0.217s] -- Installing: /home/thainguyen1233/ros2_ws2/install/agv_sim/share/agv_sim/package.dsv
[0.217s] -- Up-to-date: /home/thainguyen1233/ros2_ws2/install/agv_sim/share/ament_index/resource_index/packages/agv_sim
[0.217s] -- Up-to-date: /home/thainguyen1233/ros2_ws2/install/agv_sim/share/agv_sim/cmake/agv_simConfig.cmake
[0.217s] -- Up-to-date: /home/thainguyen1233/ros2_ws2/install/agv_sim/share/agv_sim/cmake/agv_simConfig-version.cmake
[0.217s] -- Installing: /home/thainguyen1233/ros2_ws2/install/agv_sim/share/agv_sim/package.xml
[0.218s] Invoked command in '/home/thainguyen1233/ros2_ws2/build/agv_sim' returned '0': CMAKE_PREFIX_PATH=${CMAKE_PREFIX_PATH}:/opt/ros/humble /usr/bin/cmake --install /home/thainguyen1233/ros2_ws2/build/agv_sim
