-- The C compiler identification is GNU 11.4.0
-- The CXX compiler identification is GNU 11.4.0
-- Detecting C compiler ABI info
-- Detecting C compiler ABI info - done
-- Check for working C compiler: /usr/bin/cc - skipped
-- Detecting C compile features
-- Detecting C compile features - done
-- Detecting CXX compiler ABI info
-- Detecting CXX compiler ABI info - done
-- Check for working CXX compiler: /usr/bin/c++ - skipped
-- Detecting CXX compile features
-- Detecting CXX compile features - done
-- Found ament_cmake: 1.3.13 (/opt/ros/humble/share/ament_cmake/cmake)
-- Found Python3: /usr/bin/python3 (found version "3.10.12") found components: Interpreter 
-- Found ament_lint_auto: 0.12.15 (/opt/ros/humble/share/ament_lint_auto/cmake)
-- Added test 'lint_cmake' to check CMake code style
-- Added test 'xmllint' to check XML markup files
-- Configuring done
-- Generating done
-- Build files have been written to: /home/thainguyen1233/ros2_ws2/build/agv_sim
-- Install configuration: ""
-- Installing: /home/thainguyen1233/ros2_ws2/install/agv_sim/share/ament_index/resource_index/package_run_dependencies/agv_sim
-- Installing: /home/thainguyen1233/ros2_ws2/install/agv_sim/share/ament_index/resource_index/parent_prefix_path/agv_sim
-- Installing: /home/thainguyen1233/ros2_ws2/install/agv_sim/share/agv_sim/environment/ament_prefix_path.sh
-- Installing: /home/thainguyen1233/ros2_ws2/install/agv_sim/share/agv_sim/environment/ament_prefix_path.dsv
-- Installing: /home/thainguyen1233/ros2_ws2/install/agv_sim/share/agv_sim/environment/path.sh
-- Installing: /home/thainguyen1233/ros2_ws2/install/agv_sim/share/agv_sim/environment/path.dsv
-- Installing: /home/thainguyen1233/ros2_ws2/install/agv_sim/share/agv_sim/local_setup.bash
-- Installing: /home/thainguyen1233/ros2_ws2/install/agv_sim/share/agv_sim/local_setup.sh
-- Installing: /home/thainguyen1233/ros2_ws2/install/agv_sim/share/agv_sim/local_setup.zsh
-- Installing: /home/thainguyen1233/ros2_ws2/install/agv_sim/share/agv_sim/local_setup.dsv
-- Installing: /home/thainguyen1233/ros2_ws2/install/agv_sim/share/agv_sim/package.dsv
-- Installing: /home/thainguyen1233/ros2_ws2/install/agv_sim/share/ament_index/resource_index/packages/agv_sim
-- Installing: /home/thainguyen1233/ros2_ws2/install/agv_sim/share/agv_sim/cmake/agv_simConfig.cmake
-- Installing: /home/thainguyen1233/ros2_ws2/install/agv_sim/share/agv_sim/cmake/agv_simConfig-version.cmake
-- Installing: /home/thainguyen1233/ros2_ws2/install/agv_sim/share/agv_sim/package.xml
