[0.007s] Invoking command in '/home/thainguyen1233/ros2_ws2/build/agv_sim': CMAKE_PREFIX_PATH=/opt/ros/humble /usr/bin/cmake /home/thainguyen1233/ros2_ws2/src/agv_sim -DCMAKE_INSTALL_PREFIX=/home/thainguyen1233/ros2_ws2/install/agv_sim
[0.121s] -- The C compiler identification is GNU 11.4.0
[0.218s] -- The CXX compiler identification is GNU 11.4.0
[0.226s] -- Detecting C compiler ABI info
[0.284s] -- Detecting C compiler ABI info - done
[0.293s] -- Check for working C compiler: /usr/bin/cc - skipped
[0.293s] -- Detecting C compile features
[0.294s] -- Detecting C compile features - done
[0.297s] -- Detecting CXX compiler ABI info
[0.361s] -- Detecting CXX compiler ABI info - done
[0.367s] -- Check for working CXX compiler: /usr/bin/c++ - skipped
[0.367s] -- Detecting CXX compile features
[0.367s] -- Detecting CXX compile features - done
[0.370s] -- Found ament_cmake: 1.3.13 (/opt/ros/humble/share/ament_cmake/cmake)
[0.480s] -- Found Python3: /usr/bin/python3 (found version "3.10.12") found components: Interpreter 
[0.548s] -- Found ament_lint_auto: 0.12.15 (/opt/ros/humble/share/ament_lint_auto/cmake)
[0.606s] -- Added test 'lint_cmake' to check CMake code style
[0.607s] -- Added test 'xmllint' to check XML markup files
[0.608s] -- Configuring done
[0.610s] -- Generating done
[0.611s] -- Build files have been written to: /home/thainguyen1233/ros2_ws2/build/agv_sim
[0.614s] Invoked command in '/home/thainguyen1233/ros2_ws2/build/agv_sim' returned '0': CMAKE_PREFIX_PATH=/opt/ros/humble /usr/bin/cmake /home/thainguyen1233/ros2_ws2/src/agv_sim -DCMAKE_INSTALL_PREFIX=/home/thainguyen1233/ros2_ws2/install/agv_sim
[0.614s] Invoking command in '/home/thainguyen1233/ros2_ws2/build/agv_sim': CMAKE_PREFIX_PATH=/opt/ros/humble /usr/bin/cmake --build /home/thainguyen1233/ros2_ws2/build/agv_sim -- -j8 -l8
[0.641s] Invoked command in '/home/thainguyen1233/ros2_ws2/build/agv_sim' returned '0': CMAKE_PREFIX_PATH=/opt/ros/humble /usr/bin/cmake --build /home/thainguyen1233/ros2_ws2/build/agv_sim -- -j8 -l8
[0.648s] Invoking command in '/home/thainguyen1233/ros2_ws2/build/agv_sim': CMAKE_PREFIX_PATH=/opt/ros/humble /usr/bin/cmake --install /home/thainguyen1233/ros2_ws2/build/agv_sim
[0.652s] -- Install configuration: ""
[0.652s] -- Installing: /home/thainguyen1233/ros2_ws2/install/agv_sim/share/ament_index/resource_index/package_run_dependencies/agv_sim
[0.652s] -- Installing: /home/thainguyen1233/ros2_ws2/install/agv_sim/share/ament_index/resource_index/parent_prefix_path/agv_sim
[0.653s] -- Installing: /home/thainguyen1233/ros2_ws2/install/agv_sim/share/agv_sim/environment/ament_prefix_path.sh
[0.653s] -- Installing: /home/thainguyen1233/ros2_ws2/install/agv_sim/share/agv_sim/environment/ament_prefix_path.dsv
[0.653s] -- Installing: /home/thainguyen1233/ros2_ws2/install/agv_sim/share/agv_sim/environment/path.sh
[0.653s] -- Installing: /home/thainguyen1233/ros2_ws2/install/agv_sim/share/agv_sim/environment/path.dsv
[0.653s] -- Installing: /home/thainguyen1233/ros2_ws2/install/agv_sim/share/agv_sim/local_setup.bash
[0.653s] -- Installing: /home/thainguyen1233/ros2_ws2/install/agv_sim/share/agv_sim/local_setup.sh
[0.653s] -- Installing: /home/thainguyen1233/ros2_ws2/install/agv_sim/share/agv_sim/local_setup.zsh
[0.653s] -- Installing: /home/thainguyen1233/ros2_ws2/install/agv_sim/share/agv_sim/local_setup.dsv
[0.653s] -- Installing: /home/thainguyen1233/ros2_ws2/install/agv_sim/share/agv_sim/package.dsv
[0.653s] -- Installing: /home/thainguyen1233/ros2_ws2/install/agv_sim/share/ament_index/resource_index/packages/agv_sim
[0.653s] -- Installing: /home/thainguyen1233/ros2_ws2/install/agv_sim/share/agv_sim/cmake/agv_simConfig.cmake
[0.653s] -- Installing: /home/thainguyen1233/ros2_ws2/install/agv_sim/share/agv_sim/cmake/agv_simConfig-version.cmake
[0.653s] -- Installing: /home/thainguyen1233/ros2_ws2/install/agv_sim/share/agv_sim/package.xml
[0.655s] Invoked command in '/home/thainguyen1233/ros2_ws2/build/agv_sim' returned '0': CMAKE_PREFIX_PATH=/opt/ros/humble /usr/bin/cmake --install /home/thainguyen1233/ros2_ws2/build/agv_sim
