[0.009s] Invoking command in '/home/thainguyen1233/ros2_ws2/build/agv_sim': CMAKE_PREFIX_PATH=${CMAKE_PREFIX_PATH}:/opt/ros/humble /usr/bin/cmake --build /home/thainguyen1233/ros2_ws2/build/agv_sim -- -j8 -l8
[0.033s] -- Found ament_cmake: 1.3.13 (/opt/ros/humble/share/ament_cmake/cmake)
[0.178s] -- Found ament_lint_auto: 0.12.15 (/opt/ros/humble/share/ament_lint_auto/cmake)
[0.255s] -- Added test 'flake8' to check Python code syntax and style conventions
[0.256s] -- Added test 'lint_cmake' to check CMake code style
[0.256s] -- Added test 'pep257' to check Python code against some of the docstring style conventions in PEP 257
[0.258s] -- Added test 'xmllint' to check XML markup files
[0.259s] -- Configuring done
[0.263s] -- Generating done
[0.266s] -- Build files have been written to: /home/thainguyen1233/ros2_ws2/build/agv_sim
[0.290s] Invoked command in '/home/thainguyen1233/ros2_ws2/build/agv_sim' returned '0': CMAKE_PREFIX_PATH=${CMAKE_PREFIX_PATH}:/opt/ros/humble /usr/bin/cmake --build /home/thainguyen1233/ros2_ws2/build/agv_sim -- -j8 -l8
[0.299s] Invoking command in '/home/thainguyen1233/ros2_ws2/build/agv_sim': CMAKE_PREFIX_PATH=${CMAKE_PREFIX_PATH}:/opt/ros/humble /usr/bin/cmake --install /home/thainguyen1233/ros2_ws2/build/agv_sim
[0.308s] -- Install configuration: ""
[0.308s] -- Up-to-date: /home/thainguyen1233/ros2_ws2/install/agv_sim/share/agv_sim/launch
[0.308s] -- Installing: /home/thainguyen1233/ros2_ws2/install/agv_sim/share/agv_sim/launch/gazebo.launch.py
[0.308s] -- Up-to-date: /home/thainguyen1233/ros2_ws2/install/agv_sim/share/agv_sim/launch/display.launch.py
[0.308s] -- Up-to-date: /home/thainguyen1233/ros2_ws2/install/agv_sim/share/agv_sim/urdf
[0.308s] -- Up-to-date: /home/thainguyen1233/ros2_ws2/install/agv_sim/share/agv_sim/urdf/robotomni.urdf
[0.309s] -- Up-to-date: /home/thainguyen1233/ros2_ws2/install/agv_sim/share/agv_sim/urdf/robotomni.csv
[0.309s] -- Up-to-date: /home/thainguyen1233/ros2_ws2/install/agv_sim/share/agv_sim/meshes
[0.309s] -- Up-to-date: /home/thainguyen1233/ros2_ws2/install/agv_sim/share/agv_sim/meshes/base_link.STL
[0.309s] -- Up-to-date: /home/thainguyen1233/ros2_ws2/install/agv_sim/share/agv_sim/meshes/banhxe1_Link.STL
[0.309s] -- Up-to-date: /home/thainguyen1233/ros2_ws2/install/agv_sim/share/agv_sim/meshes/banhxe3_Link.STL
[0.309s] -- Up-to-date: /home/thainguyen1233/ros2_ws2/install/agv_sim/share/agv_sim/meshes/banhxe2_Link.STL
[0.309s] -- Up-to-date: /home/thainguyen1233/ros2_ws2/install/agv_sim/share/agv_sim/meshes/dexe_Link.STL
[0.309s] -- Up-to-date: /home/thainguyen1233/ros2_ws2/install/agv_sim/share/agv_sim/meshes/banhxe4_Link.STL
[0.309s] -- Up-to-date: /home/thainguyen1233/ros2_ws2/install/agv_sim/share/agv_sim/meshes/lidarsaul.STL
[0.310s] -- Up-to-date: /home/thainguyen1233/ros2_ws2/install/agv_sim/share/agv_sim/meshes/lidartruocl.STL
[0.310s] -- Up-to-date: /home/thainguyen1233/ros2_ws2/install/agv_sim/share/agv_sim/meshes/thanxe_Link.STL
[0.310s] -- Up-to-date: /home/thainguyen1233/ros2_ws2/install/agv_sim/share/agv_sim/config
[0.310s] -- Up-to-date: /home/thainguyen1233/ros2_ws2/install/agv_sim/share/agv_sim/config/display.rviz
[0.310s] -- Installing: /home/thainguyen1233/ros2_ws2/install/agv_sim/share/agv_sim/worlds
[0.310s] -- Installing: /home/thainguyen1233/ros2_ws2/install/agv_sim/share/agv_sim/worlds/empty_mini.world
[0.310s] -- Up-to-date: /home/thainguyen1233/ros2_ws2/install/agv_sim/share/ament_index/resource_index/package_run_dependencies/agv_sim
[0.310s] -- Up-to-date: /home/thainguyen1233/ros2_ws2/install/agv_sim/share/ament_index/resource_index/parent_prefix_path/agv_sim
[0.311s] -- Up-to-date: /home/thainguyen1233/ros2_ws2/install/agv_sim/share/agv_sim/environment/ament_prefix_path.sh
[0.311s] -- Installing: /home/thainguyen1233/ros2_ws2/install/agv_sim/share/agv_sim/environment/ament_prefix_path.dsv
[0.312s] -- Up-to-date: /home/thainguyen1233/ros2_ws2/install/agv_sim/share/agv_sim/environment/path.sh
[0.312s] -- Installing: /home/thainguyen1233/ros2_ws2/install/agv_sim/share/agv_sim/environment/path.dsv
[0.312s] -- Up-to-date: /home/thainguyen1233/ros2_ws2/install/agv_sim/share/agv_sim/local_setup.bash
[0.312s] -- Up-to-date: /home/thainguyen1233/ros2_ws2/install/agv_sim/share/agv_sim/local_setup.sh
[0.312s] -- Up-to-date: /home/thainguyen1233/ros2_ws2/install/agv_sim/share/agv_sim/local_setup.zsh
[0.313s] -- Installing: /home/thainguyen1233/ros2_ws2/install/agv_sim/share/agv_sim/local_setup.dsv
[0.313s] -- Installing: /home/thainguyen1233/ros2_ws2/install/agv_sim/share/agv_sim/package.dsv
[0.313s] -- Up-to-date: /home/thainguyen1233/ros2_ws2/install/agv_sim/share/ament_index/resource_index/packages/agv_sim
[0.313s] -- Up-to-date: /home/thainguyen1233/ros2_ws2/install/agv_sim/share/agv_sim/cmake/agv_simConfig.cmake
[0.313s] -- Up-to-date: /home/thainguyen1233/ros2_ws2/install/agv_sim/share/agv_sim/cmake/agv_simConfig-version.cmake
[0.314s] -- Up-to-date: /home/thainguyen1233/ros2_ws2/install/agv_sim/share/agv_sim/package.xml
[0.315s] Invoked command in '/home/thainguyen1233/ros2_ws2/build/agv_sim' returned '0': CMAKE_PREFIX_PATH=${CMAKE_PREFIX_PATH}:/opt/ros/humble /usr/bin/cmake --install /home/thainguyen1233/ros2_ws2/build/agv_sim
