[0.100s] DEBUG:colcon:Command line arguments: ['/usr/bin/colcon', 'build', '--packages-select', 'agv_sim']
[0.100s] DEBUG:colcon:Parsed command line arguments: Namespace(log_base=None, log_level=None, verb_name='build', build_base='build', install_base='install', merge_install=False, symlink_install=False, test_result_base=None, continue_on_error=False, executor='parallel', parallel_workers=8, event_handlers=None, ignore_user_meta=False, metas=['./colcon.meta'], base_paths=['.'], packages_ignore=None, packages_ignore_regex=None, paths=None, packages_up_to=None, packages_up_to_regex=None, packages_above=None, packages_above_and_dependencies=None, packages_above_depth=None, packages_select_by_dep=None, packages_skip_by_dep=None, packages_skip_up_to=None, packages_select_build_failed=False, packages_skip_build_finished=False, packages_select_test_failures=False, packages_skip_test_passed=False, packages_select=['agv_sim'], packages_skip=None, packages_select_regex=None, packages_skip_regex=None, packages_start=None, packages_end=None, allow_overriding=[], cmake_args=None, cmake_target=None, cmake_target_skip_unavailable=False, cmake_clean_cache=False, cmake_clean_first=False, cmake_force_configure=False, ament_cmake_args=None, catkin_cmake_args=None, catkin_skip_building_tests=False, mixin_files=None, mixin=None, verb_parser=<colcon_mixin.mixin.mixin_argument.MixinArgumentDecorator object at 0x762a0ba4d960>, verb_extension=<colcon_core.verb.build.BuildVerb object at 0x762a0ba4d360>, main=<bound method BuildVerb.main of <colcon_core.verb.build.BuildVerb object at 0x762a0ba4d360>>, mixin_verb=('build',))
[0.252s] Level 1:colcon.colcon_core.package_discovery:discover_packages(colcon_meta) check parameters
[0.252s] Level 1:colcon.colcon_core.package_discovery:discover_packages(recursive) check parameters
[0.252s] Level 1:colcon.colcon_core.package_discovery:discover_packages(ignore) check parameters
[0.252s] Level 1:colcon.colcon_core.package_discovery:discover_packages(path) check parameters
[0.252s] Level 1:colcon.colcon_core.package_discovery:discover_packages(colcon_meta) discover
[0.252s] Level 1:colcon.colcon_core.package_discovery:discover_packages(recursive) discover
[0.252s] INFO:colcon.colcon_core.package_discovery:Crawling recursively for packages in '/home/thainguyen1233/ros2_ws2'
[0.252s] Level 1:colcon.colcon_core.package_identification:_identify(.) by extensions ['ignore', 'ignore_ament_install']
[0.252s] Level 1:colcon.colcon_core.package_identification:_identify(.) by extension 'ignore'
[0.252s] Level 1:colcon.colcon_core.package_identification:_identify(.) by extension 'ignore_ament_install'
[0.252s] Level 1:colcon.colcon_core.package_identification:_identify(.) by extensions ['colcon_pkg']
[0.252s] Level 1:colcon.colcon_core.package_identification:_identify(.) by extension 'colcon_pkg'
[0.252s] Level 1:colcon.colcon_core.package_identification:_identify(.) by extensions ['colcon_meta']
[0.252s] Level 1:colcon.colcon_core.package_identification:_identify(.) by extension 'colcon_meta'
[0.252s] Level 1:colcon.colcon_core.package_identification:_identify(.) by extensions ['ros']
[0.252s] Level 1:colcon.colcon_core.package_identification:_identify(.) by extension 'ros'
[0.261s] Level 1:colcon.colcon_core.package_identification:_identify(.) by extensions ['cmake', 'python']
[0.261s] Level 1:colcon.colcon_core.package_identification:_identify(.) by extension 'cmake'
[0.261s] Level 1:colcon.colcon_core.package_identification:_identify(.) by extension 'python'
[0.261s] Level 1:colcon.colcon_core.package_identification:_identify(.) by extensions ['python_setup_py']
[0.261s] Level 1:colcon.colcon_core.package_identification:_identify(.) by extension 'python_setup_py'
[0.261s] Level 1:colcon.colcon_core.package_identification:_identify(build) by extensions ['ignore', 'ignore_ament_install']
[0.262s] Level 1:colcon.colcon_core.package_identification:_identify(build) by extension 'ignore'
[0.262s] Level 1:colcon.colcon_core.package_identification:_identify(build) ignored
[0.262s] Level 1:colcon.colcon_core.package_identification:_identify(install) by extensions ['ignore', 'ignore_ament_install']
[0.262s] Level 1:colcon.colcon_core.package_identification:_identify(install) by extension 'ignore'
[0.262s] Level 1:colcon.colcon_core.package_identification:_identify(install) ignored
[0.262s] Level 1:colcon.colcon_core.package_identification:_identify(log) by extensions ['ignore', 'ignore_ament_install']
[0.262s] Level 1:colcon.colcon_core.package_identification:_identify(log) by extension 'ignore'
[0.262s] Level 1:colcon.colcon_core.package_identification:_identify(log) ignored
[0.262s] Level 1:colcon.colcon_core.package_identification:_identify(src) by extensions ['ignore', 'ignore_ament_install']
[0.262s] Level 1:colcon.colcon_core.package_identification:_identify(src) by extension 'ignore'
[0.262s] Level 1:colcon.colcon_core.package_identification:_identify(src) by extension 'ignore_ament_install'
[0.262s] Level 1:colcon.colcon_core.package_identification:_identify(src) by extensions ['colcon_pkg']
[0.262s] Level 1:colcon.colcon_core.package_identification:_identify(src) by extension 'colcon_pkg'
[0.263s] Level 1:colcon.colcon_core.package_identification:_identify(src) by extensions ['colcon_meta']
[0.263s] Level 1:colcon.colcon_core.package_identification:_identify(src) by extension 'colcon_meta'
[0.263s] Level 1:colcon.colcon_core.package_identification:_identify(src) by extensions ['ros']
[0.263s] Level 1:colcon.colcon_core.package_identification:_identify(src) by extension 'ros'
[0.263s] Level 1:colcon.colcon_core.package_identification:_identify(src) by extensions ['cmake', 'python']
[0.263s] Level 1:colcon.colcon_core.package_identification:_identify(src) by extension 'cmake'
[0.263s] Level 1:colcon.colcon_core.package_identification:_identify(src) by extension 'python'
[0.263s] Level 1:colcon.colcon_core.package_identification:_identify(src) by extensions ['python_setup_py']
[0.263s] Level 1:colcon.colcon_core.package_identification:_identify(src) by extension 'python_setup_py'
[0.263s] Level 1:colcon.colcon_core.package_identification:_identify(src/agv_sim) by extensions ['ignore', 'ignore_ament_install']
[0.263s] Level 1:colcon.colcon_core.package_identification:_identify(src/agv_sim) by extension 'ignore'
[0.263s] Level 1:colcon.colcon_core.package_identification:_identify(src/agv_sim) by extension 'ignore_ament_install'
[0.263s] Level 1:colcon.colcon_core.package_identification:_identify(src/agv_sim) by extensions ['colcon_pkg']
[0.263s] Level 1:colcon.colcon_core.package_identification:_identify(src/agv_sim) by extension 'colcon_pkg'
[0.263s] Level 1:colcon.colcon_core.package_identification:_identify(src/agv_sim) by extensions ['colcon_meta']
[0.263s] Level 1:colcon.colcon_core.package_identification:_identify(src/agv_sim) by extension 'colcon_meta'
[0.263s] Level 1:colcon.colcon_core.package_identification:_identify(src/agv_sim) by extensions ['ros']
[0.263s] Level 1:colcon.colcon_core.package_identification:_identify(src/agv_sim) by extension 'ros'
[0.265s] DEBUG:colcon.colcon_core.package_identification:Package 'src/agv_sim' with type 'ros.ament_cmake' and name 'agv_sim'
[0.265s] Level 1:colcon.colcon_core.package_discovery:discover_packages(recursive) using defaults
[0.265s] Level 1:colcon.colcon_core.package_discovery:discover_packages(ignore) discover
[0.265s] Level 1:colcon.colcon_core.package_discovery:discover_packages(ignore) using defaults
[0.265s] Level 1:colcon.colcon_core.package_discovery:discover_packages(path) discover
[0.265s] Level 1:colcon.colcon_core.package_discovery:discover_packages(path) using defaults
[0.294s] Level 1:colcon.colcon_core.package_discovery:discover_packages(prefix_path) check parameters
[0.294s] Level 1:colcon.colcon_core.package_discovery:discover_packages(prefix_path) discover
[0.296s] DEBUG:colcon.colcon_installed_package_information.package_discovery:Found 326 installed packages in /opt/ros/humble
[0.298s] Level 1:colcon.colcon_core.package_discovery:discover_packages(prefix_path) using defaults
[0.330s] Level 5:colcon.colcon_core.verb:set package 'agv_sim' build argument 'cmake_args' from command line to 'None'
[0.330s] Level 5:colcon.colcon_core.verb:set package 'agv_sim' build argument 'cmake_target' from command line to 'None'
[0.330s] Level 5:colcon.colcon_core.verb:set package 'agv_sim' build argument 'cmake_target_skip_unavailable' from command line to 'False'
[0.330s] Level 5:colcon.colcon_core.verb:set package 'agv_sim' build argument 'cmake_clean_cache' from command line to 'False'
[0.330s] Level 5:colcon.colcon_core.verb:set package 'agv_sim' build argument 'cmake_clean_first' from command line to 'False'
[0.330s] Level 5:colcon.colcon_core.verb:set package 'agv_sim' build argument 'cmake_force_configure' from command line to 'False'
[0.330s] Level 5:colcon.colcon_core.verb:set package 'agv_sim' build argument 'ament_cmake_args' from command line to 'None'
[0.331s] Level 5:colcon.colcon_core.verb:set package 'agv_sim' build argument 'catkin_cmake_args' from command line to 'None'
[0.331s] Level 5:colcon.colcon_core.verb:set package 'agv_sim' build argument 'catkin_skip_building_tests' from command line to 'False'
[0.331s] DEBUG:colcon.colcon_core.verb:Building package 'agv_sim' with the following arguments: {'ament_cmake_args': None, 'build_base': '/home/thainguyen1233/ros2_ws2/build/agv_sim', 'catkin_cmake_args': None, 'catkin_skip_building_tests': False, 'cmake_args': None, 'cmake_clean_cache': False, 'cmake_clean_first': False, 'cmake_force_configure': False, 'cmake_target': None, 'cmake_target_skip_unavailable': False, 'install_base': '/home/thainguyen1233/ros2_ws2/install/agv_sim', 'merge_install': False, 'path': '/home/thainguyen1233/ros2_ws2/src/agv_sim', 'symlink_install': False, 'test_result_base': None}
[0.331s] INFO:colcon.colcon_core.executor:Executing jobs using 'parallel' executor
[0.332s] DEBUG:colcon.colcon_parallel_executor.executor.parallel:run_until_complete
[0.332s] INFO:colcon.colcon_ros.task.ament_cmake.build:Building ROS package in '/home/thainguyen1233/ros2_ws2/src/agv_sim' with build type 'ament_cmake'
[0.333s] INFO:colcon.colcon_cmake.task.cmake.build:Building CMake package in '/home/thainguyen1233/ros2_ws2/src/agv_sim'
[0.334s] INFO:colcon.colcon_core.plugin_system:Skipping extension 'colcon_core.shell.bat': Not used on non-Windows systems
[0.334s] INFO:colcon.colcon_core.shell:Skip shell extension 'powershell' for command environment: Not usable outside of PowerShell
[0.334s] DEBUG:colcon.colcon_core.shell:Skip shell extension 'dsv' for command environment
[0.341s] DEBUG:colcon.colcon_core.event_handler.log_command:Invoking command in '/home/thainguyen1233/ros2_ws2/build/agv_sim': CMAKE_PREFIX_PATH=/opt/ros/humble /usr/bin/cmake --build /home/thainguyen1233/ros2_ws2/build/agv_sim -- -j8 -l8
[0.372s] DEBUG:colcon.colcon_core.event_handler.log_command:Invoked command in '/home/thainguyen1233/ros2_ws2/build/agv_sim' returned '0': CMAKE_PREFIX_PATH=/opt/ros/humble /usr/bin/cmake --build /home/thainguyen1233/ros2_ws2/build/agv_sim -- -j8 -l8
[0.383s] DEBUG:colcon.colcon_core.event_handler.log_command:Invoking command in '/home/thainguyen1233/ros2_ws2/build/agv_sim': CMAKE_PREFIX_PATH=/opt/ros/humble /usr/bin/cmake --install /home/thainguyen1233/ros2_ws2/build/agv_sim
[0.391s] Level 1:colcon.colcon_core.environment:create_environment_scripts_only(agv_sim)
[0.391s] DEBUG:colcon.colcon_core.event_handler.log_command:Invoked command in '/home/thainguyen1233/ros2_ws2/build/agv_sim' returned '0': CMAKE_PREFIX_PATH=/opt/ros/humble /usr/bin/cmake --install /home/thainguyen1233/ros2_ws2/build/agv_sim
[0.393s] Level 1:colcon.colcon_core.environment:checking '/home/thainguyen1233/ros2_ws2/install/agv_sim' for CMake module files
[0.394s] Level 1:colcon.colcon_core.environment:checking '/home/thainguyen1233/ros2_ws2/install/agv_sim' for CMake config files
[0.394s] Level 1:colcon.colcon_core.shell:create_environment_hook('agv_sim', 'cmake_prefix_path')
[0.394s] INFO:colcon.colcon_core.shell:Creating environment hook '/home/thainguyen1233/ros2_ws2/install/agv_sim/share/agv_sim/hook/cmake_prefix_path.ps1'
[0.396s] INFO:colcon.colcon_core.shell:Creating environment descriptor '/home/thainguyen1233/ros2_ws2/install/agv_sim/share/agv_sim/hook/cmake_prefix_path.dsv'
[0.396s] INFO:colcon.colcon_core.shell:Creating environment hook '/home/thainguyen1233/ros2_ws2/install/agv_sim/share/agv_sim/hook/cmake_prefix_path.sh'
[0.397s] Level 1:colcon.colcon_core.environment:checking '/home/thainguyen1233/ros2_ws2/install/agv_sim/bin'
[0.397s] Level 1:colcon.colcon_core.environment:checking '/home/thainguyen1233/ros2_ws2/install/agv_sim/lib/pkgconfig/agv_sim.pc'
[0.397s] Level 1:colcon.colcon_core.environment:checking '/home/thainguyen1233/ros2_ws2/install/agv_sim/lib/python3.10/site-packages'
[0.398s] Level 1:colcon.colcon_core.environment:checking '/home/thainguyen1233/ros2_ws2/install/agv_sim/bin'
[0.398s] INFO:colcon.colcon_core.shell:Creating package script '/home/thainguyen1233/ros2_ws2/install/agv_sim/share/agv_sim/package.ps1'
[0.399s] INFO:colcon.colcon_core.shell:Creating package descriptor '/home/thainguyen1233/ros2_ws2/install/agv_sim/share/agv_sim/package.dsv'
[0.400s] INFO:colcon.colcon_core.shell:Creating package script '/home/thainguyen1233/ros2_ws2/install/agv_sim/share/agv_sim/package.sh'
[0.400s] INFO:colcon.colcon_core.shell:Creating package script '/home/thainguyen1233/ros2_ws2/install/agv_sim/share/agv_sim/package.bash'
[0.401s] INFO:colcon.colcon_core.shell:Creating package script '/home/thainguyen1233/ros2_ws2/install/agv_sim/share/agv_sim/package.zsh'
[0.402s] Level 1:colcon.colcon_core.environment:create_file_with_runtime_dependencies(/home/thainguyen1233/ros2_ws2/install/agv_sim/share/colcon-core/packages/agv_sim)
[0.403s] Level 1:colcon.colcon_core.environment:create_environment_scripts_only(agv_sim)
[0.403s] Level 1:colcon.colcon_core.environment:checking '/home/thainguyen1233/ros2_ws2/install/agv_sim' for CMake module files
[0.403s] Level 1:colcon.colcon_core.environment:checking '/home/thainguyen1233/ros2_ws2/install/agv_sim' for CMake config files
[0.403s] Level 1:colcon.colcon_core.shell:create_environment_hook('agv_sim', 'cmake_prefix_path')
[0.403s] INFO:colcon.colcon_core.shell:Creating environment hook '/home/thainguyen1233/ros2_ws2/install/agv_sim/share/agv_sim/hook/cmake_prefix_path.ps1'
[0.404s] INFO:colcon.colcon_core.shell:Creating environment descriptor '/home/thainguyen1233/ros2_ws2/install/agv_sim/share/agv_sim/hook/cmake_prefix_path.dsv'
[0.404s] INFO:colcon.colcon_core.shell:Creating environment hook '/home/thainguyen1233/ros2_ws2/install/agv_sim/share/agv_sim/hook/cmake_prefix_path.sh'
[0.405s] Level 1:colcon.colcon_core.environment:checking '/home/thainguyen1233/ros2_ws2/install/agv_sim/bin'
[0.405s] Level 1:colcon.colcon_core.environment:checking '/home/thainguyen1233/ros2_ws2/install/agv_sim/lib/pkgconfig/agv_sim.pc'
[0.405s] Level 1:colcon.colcon_core.environment:checking '/home/thainguyen1233/ros2_ws2/install/agv_sim/lib/python3.10/site-packages'
[0.405s] Level 1:colcon.colcon_core.environment:checking '/home/thainguyen1233/ros2_ws2/install/agv_sim/bin'
[0.406s] INFO:colcon.colcon_core.shell:Creating package script '/home/thainguyen1233/ros2_ws2/install/agv_sim/share/agv_sim/package.ps1'
[0.406s] INFO:colcon.colcon_core.shell:Creating package descriptor '/home/thainguyen1233/ros2_ws2/install/agv_sim/share/agv_sim/package.dsv'
[0.407s] INFO:colcon.colcon_core.shell:Creating package script '/home/thainguyen1233/ros2_ws2/install/agv_sim/share/agv_sim/package.sh'
[0.407s] INFO:colcon.colcon_core.shell:Creating package script '/home/thainguyen1233/ros2_ws2/install/agv_sim/share/agv_sim/package.bash'
[0.408s] INFO:colcon.colcon_core.shell:Creating package script '/home/thainguyen1233/ros2_ws2/install/agv_sim/share/agv_sim/package.zsh'
[0.408s] Level 1:colcon.colcon_core.environment:create_file_with_runtime_dependencies(/home/thainguyen1233/ros2_ws2/install/agv_sim/share/colcon-core/packages/agv_sim)
[0.408s] DEBUG:colcon.colcon_parallel_executor.executor.parallel:closing loop
[0.408s] DEBUG:colcon.colcon_parallel_executor.executor.parallel:loop closed
[0.408s] DEBUG:colcon.colcon_parallel_executor.executor.parallel:run_until_complete finished with '0'
[0.409s] DEBUG:colcon.colcon_core.event_reactor:joining thread
[0.413s] INFO:colcon.colcon_core.plugin_system:Skipping extension 'colcon_notification.desktop_notification.terminal_notifier': Not used on non-Darwin systems
[0.414s] INFO:colcon.colcon_core.plugin_system:Skipping extension 'colcon_notification.desktop_notification.win32': Not used on non-Windows systems
[0.414s] INFO:colcon.colcon_notification.desktop_notification:Sending desktop notification using 'notify2'
[0.422s] DEBUG:colcon.colcon_core.event_reactor:joined thread
[0.422s] INFO:colcon.colcon_core.shell:Creating prefix script '/home/thainguyen1233/ros2_ws2/install/local_setup.ps1'
[0.423s] INFO:colcon.colcon_core.shell:Creating prefix util module '/home/thainguyen1233/ros2_ws2/install/_local_setup_util_ps1.py'
[0.424s] INFO:colcon.colcon_core.shell:Creating prefix chain script '/home/thainguyen1233/ros2_ws2/install/setup.ps1'
[0.425s] INFO:colcon.colcon_core.shell:Creating prefix script '/home/thainguyen1233/ros2_ws2/install/local_setup.sh'
[0.425s] INFO:colcon.colcon_core.shell:Creating prefix util module '/home/thainguyen1233/ros2_ws2/install/_local_setup_util_sh.py'
[0.425s] INFO:colcon.colcon_core.shell:Creating prefix chain script '/home/thainguyen1233/ros2_ws2/install/setup.sh'
[0.426s] INFO:colcon.colcon_core.shell:Creating prefix script '/home/thainguyen1233/ros2_ws2/install/local_setup.bash'
[0.426s] INFO:colcon.colcon_core.shell:Creating prefix chain script '/home/thainguyen1233/ros2_ws2/install/setup.bash'
[0.427s] INFO:colcon.colcon_core.shell:Creating prefix script '/home/thainguyen1233/ros2_ws2/install/local_setup.zsh'
[0.427s] INFO:colcon.colcon_core.shell:Creating prefix chain script '/home/thainguyen1233/ros2_ws2/install/setup.zsh'
